<?xml version="1.0" encoding="UTF-8"?>
<!-- Generated by org.testng.reporters.JUnitReportReporter -->
<testsuite skipped="0" hostname="LAPTOP-HRFP19FT" name="testCases.Spicejet" tests="1" failures="0" timestamp="2022-06-09T17:59:44 IST" time="0.010" errors="0">
  <testcase name="f" time="0.010" classname="testCases.Spicejet"/>
  <system-out/>
</testsuite> <!-- testCases.Spicejet -->
